<?xml version="1.0" encoding="UTF-8"?>
<!-- Generated by org.testng.reporters.JUnitReportReporter -->
<testsuite hostname="streamcipher" failures="0" tests="2" name="ConsumerApp.ConsumerTest" time="92.635" errors="0" timestamp="2022-03-30T17:43:45 IST" skipped="0">
  <testcase classname="ConsumerApp.ConsumerTest" name="gotoUrl" time="2.341"/>
  <system-out/>
  <testcase classname="ConsumerApp.ConsumerTest" name="login" time="90.294"/>
  <system-out/>
</testsuite> <!-- ConsumerApp.ConsumerTest -->
