<?xml version="1.0" encoding="UTF-8"?>
<!-- Generated by org.testng.reporters.JUnitReportReporter -->
<testsuite hostname="streamcipher" failures="0" tests="3" name="ConsumerApp.ConsumerTest" time="46.730" errors="0" timestamp="2022-04-29T18:58:15 IST" skipped="0">
  <testcase classname="ConsumerApp.ConsumerTest" name="gotoUrl" time="2.653"/>
  <system-out/>
  <testcase classname="ConsumerApp.ConsumerTest" name="login" time="20.602"/>
  <system-out/>
  <testcase classname="ConsumerApp.ConsumerTest" name="buy3rdpartypermit" time="23.475"/>
  <system-out/>
</testsuite> <!-- ConsumerApp.ConsumerTest -->
